{"C:\\uda4\\src\\client\\js\\analyzeUrl.js": {"path":"C:\\uda4\\src\\client\\js\\analyzeUrl.js","statementMap":{"0":{"start":{"line":2,"column":4},"end":{"line":2,"column":40}},"1":{"start":{"line":3,"column":4},"end":{"line":3,"column":12}}},"fnMap":{"0":{"name":"analyze","decl":{"start":{"line":1,"column":9},"end":{"line":1,"column":16}},"loc":{"start":{"line":1,"column":20},"end":{"line":4,"column":1}},"line":1}},"branchMap":{},"s":{"0":1,"1":1},"f":{"0":1},"b":{},"_coverageSchema":"1a1c01bbd47fc00a2c39e90264f33305004495a9","hash":"61b58f825cdc709b3c7bdc2fbd52dae116199ee3"}
,"C:\\uda4\\src\\client\\js\\formHandler.js": {"path":"C:\\uda4\\src\\client\\js\\formHandler.js","statementMap":{"0":{"start":{"line":3,"column":3},"end":{"line":3,"column":25}},"1":{"start":{"line":5,"column":17},"end":{"line":5,"column":54}},"2":{"start":{"line":7,"column":2},"end":{"line":23,"column":2}},"3":{"start":{"line":9,"column":4},"end":{"line":9,"column":41}},"4":{"start":{"line":10,"column":4},"end":{"line":14,"column":6}},"5":{"start":{"line":11,"column":17},"end":{"line":11,"column":27}},"6":{"start":{"line":13,"column":8},"end":{"line":13,"column":83}},"7":{"start":{"line":17,"column":3},"end":{"line":17,"column":19}},"8":{"start":{"line":19,"column":5},"end":{"line":19,"column":22}},"9":{"start":{"line":22,"column":3},"end":{"line":22,"column":50}}},"fnMap":{"0":{"name":"handleSubmit","decl":{"start":{"line":1,"column":16},"end":{"line":1,"column":28}},"loc":{"start":{"line":1,"column":36},"end":{"line":24,"column":1}},"line":1},"1":{"name":"(anonymous_1)","decl":{"start":{"line":11,"column":10},"end":{"line":11,"column":11}},"loc":{"start":{"line":11,"column":17},"end":{"line":11,"column":27}},"line":11},"2":{"name":"(anonymous_2)","decl":{"start":{"line":12,"column":10},"end":{"line":12,"column":11}},"loc":{"start":{"line":12,"column":24},"end":{"line":14,"column":5}},"line":12}},"branchMap":{"0":{"loc":{"start":{"line":7,"column":2},"end":{"line":23,"column":2}},"type":"if","locations":[{"start":{"line":7,"column":2},"end":{"line":23,"column":2}},{"start":{"line":7,"column":2},"end":{"line":23,"column":2}}],"line":7}},"s":{"0":0,"1":0,"2":0,"3":0,"4":0,"5":0,"6":0,"7":0,"8":0,"9":0},"f":{"0":0,"1":0,"2":0},"b":{"0":[0,0]},"_coverageSchema":"1a1c01bbd47fc00a2c39e90264f33305004495a9","hash":"a09f2009370b6e14e464ba3af73f0dd7acc1ffc7"}
,"C:\\uda4\\src\\client\\js\\signal.js": {"path":"C:\\uda4\\src\\client\\js\\signal.js","statementMap":{"0":{"start":{"line":2,"column":20},"end":{"line":11,"column":5}},"1":{"start":{"line":3,"column":21},"end":{"line":3,"column":68}},"2":{"start":{"line":4,"column":8},"end":{"line":10,"column":9}},"3":{"start":{"line":5,"column":24},"end":{"line":5,"column":41}},"4":{"start":{"line":6,"column":12},"end":{"line":6,"column":50}},"5":{"start":{"line":7,"column":12},"end":{"line":7,"column":23}},"6":{"start":{"line":9,"column":12},"end":{"line":9,"column":48}},"7":{"start":{"line":12,"column":20},"end":{"line":12,"column":35}},"8":{"start":{"line":13,"column":18},"end":{"line":13,"column":55}},"9":{"start":{"line":23,"column":22},"end":{"line":23,"column":66}},"10":{"start":{"line":24,"column":25},"end":{"line":24,"column":79}},"11":{"start":{"line":25,"column":19},"end":{"line":34,"column":5}},"12":{"start":{"line":26,"column":8},"end":{"line":33,"column":9}},"13":{"start":{"line":27,"column":29},"end":{"line":27,"column":56}},"14":{"start":{"line":28,"column":25},"end":{"line":28,"column":46}},"15":{"start":{"line":29,"column":12},"end":{"line":29,"column":52}},"16":{"start":{"line":30,"column":12},"end":{"line":30,"column":24}},"17":{"start":{"line":32,"column":12},"end":{"line":32,"column":49}},"18":{"start":{"line":35,"column":20},"end":{"line":43,"column":5}},"19":{"start":{"line":36,"column":21},"end":{"line":36,"column":36}},"20":{"start":{"line":37,"column":9},"end":{"line":37,"column":86}},"21":{"start":{"line":38,"column":9},"end":{"line":38,"column":60}},"22":{"start":{"line":39,"column":9},"end":{"line":39,"column":66}},"23":{"start":{"line":40,"column":9},"end":{"line":40,"column":62}},"24":{"start":{"line":41,"column":9},"end":{"line":41,"column":52}},"25":{"start":{"line":42,"column":8},"end":{"line":42,"column":26}},"26":{"start":{"line":44,"column":4},"end":{"line":44,"column":14}},"27":{"start":{"line":49,"column":21},"end":{"line":49,"column":23}},"28":{"start":{"line":50,"column":4},"end":{"line":71,"column":5}},"29":{"start":{"line":52,"column":12},"end":{"line":52,"column":47}},"30":{"start":{"line":53,"column":12},"end":{"line":53,"column":18}},"31":{"start":{"line":55,"column":12},"end":{"line":55,"column":39}},"32":{"start":{"line":56,"column":12},"end":{"line":56,"column":18}},"33":{"start":{"line":58,"column":12},"end":{"line":58,"column":40}},"34":{"start":{"line":59,"column":12},"end":{"line":59,"column":18}},"35":{"start":{"line":61,"column":12},"end":{"line":61,"column":39}},"36":{"start":{"line":62,"column":12},"end":{"line":62,"column":18}},"37":{"start":{"line":64,"column":12},"end":{"line":64,"column":47}},"38":{"start":{"line":65,"column":12},"end":{"line":65,"column":18}},"39":{"start":{"line":67,"column":12},"end":{"line":67,"column":50}},"40":{"start":{"line":68,"column":12},"end":{"line":68,"column":18}},"41":{"start":{"line":70,"column":12},"end":{"line":70,"column":47}},"42":{"start":{"line":72,"column":4},"end":{"line":72,"column":23}}},"fnMap":{"0":{"name":"response","decl":{"start":{"line":1,"column":15},"end":{"line":1,"column":23}},"loc":{"start":{"line":1,"column":26},"end":{"line":46,"column":1}},"line":1},"1":{"name":"(anonymous_1)","decl":{"start":{"line":2,"column":20},"end":{"line":2,"column":21}},"loc":{"start":{"line":2,"column":32},"end":{"line":11,"column":5}},"line":2},"2":{"name":"(anonymous_2)","decl":{"start":{"line":25,"column":19},"end":{"line":25,"column":20}},"loc":{"start":{"line":25,"column":31},"end":{"line":34,"column":5}},"line":25},"3":{"name":"(anonymous_3)","decl":{"start":{"line":35,"column":20},"end":{"line":35,"column":21}},"loc":{"start":{"line":35,"column":30},"end":{"line":43,"column":5}},"line":35},"4":{"name":"cal","decl":{"start":{"line":48,"column":16},"end":{"line":48,"column":19}},"loc":{"start":{"line":48,"column":28},"end":{"line":73,"column":1}},"line":48}},"branchMap":{"0":{"loc":{"start":{"line":50,"column":4},"end":{"line":71,"column":5}},"type":"switch","locations":[{"start":{"line":51,"column":8},"end":{"line":53,"column":18}},{"start":{"line":54,"column":8},"end":{"line":56,"column":18}},{"start":{"line":57,"column":8},"end":{"line":59,"column":18}},{"start":{"line":60,"column":8},"end":{"line":62,"column":18}},{"start":{"line":63,"column":8},"end":{"line":65,"column":18}},{"start":{"line":66,"column":8},"end":{"line":68,"column":18}},{"start":{"line":69,"column":8},"end":{"line":70,"column":47}}],"line":50}},"s":{"0":0,"1":0,"2":0,"3":0,"4":0,"5":0,"6":0,"7":0,"8":0,"9":0,"10":0,"11":0,"12":0,"13":0,"14":0,"15":0,"16":0,"17":0,"18":0,"19":0,"20":0,"21":0,"22":0,"23":0,"24":0,"25":0,"26":0,"27":6,"28":6,"29":1,"30":1,"31":1,"32":1,"33":1,"34":1,"35":1,"36":1,"37":1,"38":1,"39":1,"40":1,"41":0,"42":6},"f":{"0":0,"1":0,"2":0,"3":0,"4":6},"b":{"0":[1,1,1,1,1,1,0]},"_coverageSchema":"1a1c01bbd47fc00a2c39e90264f33305004495a9","hash":"cabecc035c7abea12ceb411f68ddff2a0ef3df74"}
,"C:\\uda4\\src\\client\\js\\validation.js": {"path":"C:\\uda4\\src\\client\\js\\validation.js","statementMap":{"0":{"start":{"line":2,"column":17},"end":{"line":2,"column":19}},"1":{"start":{"line":3,"column":1},"end":{"line":6,"column":2}},"2":{"start":{"line":3,"column":10},"end":{"line":3,"column":24}},"3":{"start":{"line":5,"column":3},"end":{"line":5,"column":52}},"4":{"start":{"line":7,"column":2},"end":{"line":7,"column":24}},"5":{"start":{"line":9,"column":17},"end":{"line":9,"column":447}},"6":{"start":{"line":10,"column":6},"end":{"line":26,"column":7}},"7":{"start":{"line":12,"column":16},"end":{"line":14,"column":25}},"8":{"start":{"line":13,"column":25},"end":{"line":13,"column":36}},"9":{"start":{"line":16,"column":4},"end":{"line":16,"column":26}},"10":{"start":{"line":20,"column":8},"end":{"line":22,"column":17}},"11":{"start":{"line":21,"column":17},"end":{"line":21,"column":29}}},"fnMap":{"0":{"name":"checkUrl","decl":{"start":{"line":1,"column":16},"end":{"line":1,"column":24}},"loc":{"start":{"line":1,"column":30},"end":{"line":28,"column":1}},"line":1}},"branchMap":{"0":{"loc":{"start":{"line":3,"column":1},"end":{"line":6,"column":2}},"type":"if","locations":[{"start":{"line":3,"column":1},"end":{"line":6,"column":2}},{"start":{"line":3,"column":1},"end":{"line":6,"column":2}}],"line":3},"1":{"loc":{"start":{"line":10,"column":6},"end":{"line":26,"column":7}},"type":"if","locations":[{"start":{"line":10,"column":6},"end":{"line":26,"column":7}},{"start":{"line":10,"column":6},"end":{"line":26,"column":7}}],"line":10},"2":{"loc":{"start":{"line":12,"column":16},"end":{"line":14,"column":25}},"type":"if","locations":[{"start":{"line":12,"column":16},"end":{"line":14,"column":25}},{"start":{"line":12,"column":16},"end":{"line":14,"column":25}}],"line":12},"3":{"loc":{"start":{"line":20,"column":8},"end":{"line":22,"column":17}},"type":"if","locations":[{"start":{"line":20,"column":8},"end":{"line":22,"column":17}},{"start":{"line":20,"column":8},"end":{"line":22,"column":17}}],"line":20}},"s":{"0":1,"1":1,"2":1,"3":0,"4":1,"5":1,"6":1,"7":1,"8":1,"9":0,"10":0,"11":0},"f":{"0":1},"b":{"0":[1,0],"1":[1,0],"2":[1,0],"3":[0,0]},"_coverageSchema":"1a1c01bbd47fc00a2c39e90264f33305004495a9","hash":"e668822d5c3df30caef684d913131ec83de02e63"}
}
