TN:
SF:src\client\js\analyzeUrl.js
FN:1,analyze
FNF:1
FNH:1
FNDA:1,analyze
DA:2,1
DA:3,1
LF:2
LH:2
BRF:0
BRH:0
end_of_record
TN:
SF:src\client\js\formHandler.js
FN:1,handleSubmit
FN:11,(anonymous_1)
FN:12,(anonymous_2)
FNF:3
FNH:0
FNDA:0,handleSubmit
FNDA:0,(anonymous_1)
FNDA:0,(anonymous_2)
DA:3,0
DA:5,0
DA:7,0
DA:9,0
DA:10,0
DA:11,0
DA:13,0
DA:17,0
DA:19,0
DA:22,0
LF:10
LH:0
BRDA:7,0,0,0
BRDA:7,0,1,0
BRF:2
BRH:0
end_of_record
TN:
SF:src\client\js\signal.js
FN:1,response
FN:2,(anonymous_1)
FN:25,(anonymous_2)
FN:35,(anonymous_3)
FN:48,cal
FNF:5
FNH:1
FNDA:0,response
FNDA:0,(anonymous_1)
FNDA:0,(anonymous_2)
FNDA:0,(anonymous_3)
FNDA:6,cal
DA:2,0
DA:3,0
DA:4,0
DA:5,0
DA:6,0
DA:7,0
DA:9,0
DA:12,0
DA:13,0
DA:23,0
DA:24,0
DA:25,0
DA:26,0
DA:27,0
DA:28,0
DA:29,0
DA:30,0
DA:32,0
DA:35,0
DA:36,0
DA:37,0
DA:38,0
DA:39,0
DA:40,0
DA:41,0
DA:42,0
DA:44,0
DA:49,6
DA:50,6
DA:52,1
DA:53,1
DA:55,1
DA:56,1
DA:58,1
DA:59,1
DA:61,1
DA:62,1
DA:64,1
DA:65,1
DA:67,1
DA:68,1
DA:70,0
DA:72,6
LF:43
LH:15
BRDA:50,0,0,1
BRDA:50,0,1,1
BRDA:50,0,2,1
BRDA:50,0,3,1
BRDA:50,0,4,1
BRDA:50,0,5,1
BRDA:50,0,6,0
BRF:7
BRH:6
end_of_record
TN:
SF:src\client\js\validation.js
FN:1,checkUrl
FNF:1
FNH:1
FNDA:1,checkUrl
DA:2,1
DA:3,1
DA:5,0
DA:7,1
DA:9,1
DA:10,1
DA:12,1
DA:13,1
DA:16,0
DA:20,0
DA:21,0
LF:11
LH:7
BRDA:3,0,0,1
BRDA:3,0,1,0
BRDA:10,1,0,1
BRDA:10,1,1,0
BRDA:12,2,0,1
BRDA:12,2,1,0
BRDA:20,3,0,0
BRDA:20,3,1,0
BRF:8
BRH:3
end_of_record
